
 /----------------------------------------------------------------------------\
 |                                                                            |
 |  yosys -- Yosys Open SYnthesis Suite -- YosysHQ Edition [202302081344]     |
 |                                                                            |
 |  Copyright (C) 2012 - 2023 YosysHQ GmbH                                    |
 |                                                                            |
 |                                                                            |
 \----------------------------------------------------------------------------/

 Yosys 0.26 (git sha1 7e588664e, clang 10.0.0-4ubuntu1 -fPIC -Os)


-- Executing script file `design_smt2.ys' --

1. Executing RTLIL frontend.
Input filename: design_prep.il

2. Executing HIERARCHY pass (managing design hierarchy).

2.1. Analyzing design hierarchy..
Top module:  \seq_detector

2.2. Analyzing design hierarchy..
Top module:  \seq_detector
Removed 0 unused modules.
Module seq_detector directly or indirectly contains formal properties -> setting "keep" attribute.

3. Executing FORMALFF pass.

4. Executing DFFUNMAP pass (unmap clock enable and synchronous reset from FFs).

5. Printing statistics.

=== seq_detector ===

   Number of wires:                 65
   Number of wire bits:             85
   Number of public wires:           8
   Number of public wire bits:      20
   Number of memories:               0
   Number of memory bits:            0
   Number of processes:              0
   Number of cells:                 65
     $and                            8
     $anyinit                        2
     $assert                         2
     $assume                         1
     $eq                             6
     $ff                             9
     $mux                           22
     $not                            6
     $or                             7
     $pmux                           1
     $reduce_or                      1

6. Executing SMT2 backend.

6.1. Executing BMUXMAP pass.

6.2. Executing DEMUXMAP pass.
Creating SMT-LIBv2 representation of module seq_detector.

End of script. Logfile hash: cb10c7b833, CPU: user 0.01s system 0.00s, MEM: 21.23 MB peak
Yosys 0.26 (git sha1 7e588664e, clang 10.0.0-4ubuntu1 -fPIC -Os)
Time spent: 53% 2x write_smt2 (0 sec), 33% 2x read_ilang (0 sec), ...
